This is XeTeX, Version 3.14159265-2.6-0.99992 (TeX Live 2015/Debian) (preloaded format=xelatex 2017.11.22)  22 NOV 2017 15:18
entering extended mode
 restricted \write18 enabled.
 %&-line parsing enabled.
**refe.t
(/usr/share/texlive/texmf-dist/tex/latex/tools/q.tex
LaTeX2e <2016/02/01>
Babel <3.9q> and hyphenation patterns for 3 language(s) loaded.
File ignored
)
! Emergency stop.
<*> refe.t
          
*** (job aborted, no legal \end found)

 
Here is how much of TeX's memory you used:
 7 strings out of 495579
 160 string characters out of 6187321
 45468 words of memory out of 5000000
 3374 multiletter control sequences out of 15000+600000
 3640 words of font info for 14 fonts, out of 8000000 for 9000
 14 hyphenation exceptions out of 8191
 5i,0n,1p,86b,8s stack positions out of 5000i,500n,10000p,200000b,80000s
No pages of output.
